  [1m[35m (1.5ms)[0m  [1m[35mDROP DATABASE IF EXISTS "bnb_development"[0m
  ↳ bin/rails:9
  [1m[35m (3.2ms)[0m  [1m[35mDROP DATABASE IF EXISTS "bnb_test"[0m
  ↳ bin/rails:9
  [1m[35m (596.6ms)[0m  [1m[35mCREATE DATABASE "bnb_development" ENCODING = 'unicode'[0m
  ↳ bin/rails:9
  [1m[35m (402.8ms)[0m  [1m[35mCREATE DATABASE "bnb_test" ENCODING = 'unicode'[0m
  ↳ bin/rails:9
Started GET "/users/new" for ::1 at 2021-03-11 14:12:09 -0500
  
ActionController::RoutingError (No route matches [GET] "/users/new"):
  
actionpack (5.2.4.5) lib/action_dispatch/middleware/debug_exceptions.rb:65:in `call'
web-console (3.7.0) lib/web_console/middleware.rb:135:in `call_app'
web-console (3.7.0) lib/web_console/middleware.rb:30:in `block in call'
web-console (3.7.0) lib/web_console/middleware.rb:20:in `catch'
web-console (3.7.0) lib/web_console/middleware.rb:20:in `call'
actionpack (5.2.4.5) lib/action_dispatch/middleware/show_exceptions.rb:33:in `call'
railties (5.2.4.5) lib/rails/rack/logger.rb:38:in `call_app'
railties (5.2.4.5) lib/rails/rack/logger.rb:26:in `block in call'
activesupport (5.2.4.5) lib/active_support/tagged_logging.rb:71:in `block in tagged'
activesupport (5.2.4.5) lib/active_support/tagged_logging.rb:28:in `tagged'
activesupport (5.2.4.5) lib/active_support/tagged_logging.rb:71:in `tagged'
railties (5.2.4.5) lib/rails/rack/logger.rb:26:in `call'
sprockets-rails (3.2.2) lib/sprockets/rails/quiet_assets.rb:13:in `call'
actionpack (5.2.4.5) lib/action_dispatch/middleware/remote_ip.rb:81:in `call'
actionpack (5.2.4.5) lib/action_dispatch/middleware/request_id.rb:27:in `call'
rack (2.2.3) lib/rack/method_override.rb:24:in `call'
rack (2.2.3) lib/rack/runtime.rb:22:in `call'
activesupport (5.2.4.5) lib/active_support/cache/strategy/local_cache_middleware.rb:29:in `call'
actionpack (5.2.4.5) lib/action_dispatch/middleware/executor.rb:14:in `call'
actionpack (5.2.4.5) lib/action_dispatch/middleware/static.rb:127:in `call'
rack (2.2.3) lib/rack/sendfile.rb:110:in `call'
railties (5.2.4.5) lib/rails/engine.rb:524:in `call'
puma (3.12.6) lib/puma/configuration.rb:227:in `call'
puma (3.12.6) lib/puma/server.rb:706:in `handle_request'
puma (3.12.6) lib/puma/server.rb:476:in `process_client'
puma (3.12.6) lib/puma/server.rb:334:in `block in run'
puma (3.12.6) lib/puma/thread_pool.rb:135:in `block in spawn_thread'
Started GET "/" for ::1 at 2021-03-11 14:12:18 -0500
Processing by Rails::WelcomeController#index as HTML
  Rendering /home/jaspreet/.rbenv/versions/2.5.1/lib/ruby/gems/2.5.0/gems/railties-5.2.4.5/lib/rails/templates/rails/welcome/index.html.erb
  Rendered /home/jaspreet/.rbenv/versions/2.5.1/lib/ruby/gems/2.5.0/gems/railties-5.2.4.5/lib/rails/templates/rails/welcome/index.html.erb (5.6ms)
Completed 200 OK in 15ms (Views: 10.7ms | ActiveRecord: 0.0ms)


Started GET "/" for ::1 at 2021-03-11 14:13:01 -0500
Processing by Rails::WelcomeController#index as HTML
  Rendering /home/jaspreet/.rbenv/versions/2.5.1/lib/ruby/gems/2.5.0/gems/railties-5.2.4.5/lib/rails/templates/rails/welcome/index.html.erb
  Rendered /home/jaspreet/.rbenv/versions/2.5.1/lib/ruby/gems/2.5.0/gems/railties-5.2.4.5/lib/rails/templates/rails/welcome/index.html.erb (7.1ms)
Completed 200 OK in 26ms (Views: 16.4ms | ActiveRecord: 0.0ms)


  [1m[35m (35.2ms)[0m  [1m[35mCREATE TABLE "schema_migrations" ("version" character varying NOT NULL PRIMARY KEY)[0m
  ↳ bin/rails:9
  [1m[35m (17.9ms)[0m  [1m[35mCREATE TABLE "ar_internal_metadata" ("key" character varying NOT NULL PRIMARY KEY, "value" character varying, "created_at" timestamp NOT NULL, "updated_at" timestamp NOT NULL)[0m
  ↳ bin/rails:9
  [1m[35m (1.2ms)[0m  [1m[34mSELECT pg_try_advisory_lock(8310871852403426250)[0m
  ↳ bin/rails:9
  [1m[35m (1.1ms)[0m  [1m[34mSELECT "schema_migrations"."version" FROM "schema_migrations" ORDER BY "schema_migrations"."version" ASC[0m
  ↳ bin/rails:9
Migrating to CreateUsers (20210311191539)
  [1m[35m (0.5ms)[0m  [1m[35mBEGIN[0m
  ↳ bin/rails:9
  [1m[35m (20.7ms)[0m  [1m[35mCREATE TABLE "users" ("id" bigserial primary key, "username" character varying, "password_digest" character varying, "session_token" character varying, "created_at" timestamp NOT NULL, "updated_at" timestamp NOT NULL)[0m
  ↳ db/migrate/20210311191539_create_users.rb:3
  [1m[36mActiveRecord::SchemaMigration Create (2.4ms)[0m  [1m[32mINSERT INTO "schema_migrations" ("version") VALUES ($1) RETURNING "version"[0m  [["version", "20210311191539"]]
  ↳ bin/rails:9
  [1m[35m (3.1ms)[0m  [1m[35mCOMMIT[0m
  ↳ bin/rails:9
  [1m[36mActiveRecord::InternalMetadata Load (0.9ms)[0m  [1m[34mSELECT  "ar_internal_metadata".* FROM "ar_internal_metadata" WHERE "ar_internal_metadata"."key" = $1 LIMIT $2[0m  [["key", "environment"], ["LIMIT", 1]]
  ↳ bin/rails:9
  [1m[35m (0.7ms)[0m  [1m[35mBEGIN[0m
  ↳ bin/rails:9
  [1m[36mActiveRecord::InternalMetadata Create (5.8ms)[0m  [1m[32mINSERT INTO "ar_internal_metadata" ("key", "value", "created_at", "updated_at") VALUES ($1, $2, $3, $4) RETURNING "key"[0m  [["key", "environment"], ["value", "development"], ["created_at", "2021-03-11 19:16:18.999644"], ["updated_at", "2021-03-11 19:16:18.999644"]]
  ↳ bin/rails:9
  [1m[35m (3.6ms)[0m  [1m[35mCOMMIT[0m
  ↳ bin/rails:9
  [1m[35m (1.0ms)[0m  [1m[34mSELECT pg_advisory_unlock(8310871852403426250)[0m
  ↳ bin/rails:9
  [1m[35m (1.9ms)[0m  [1m[34mSELECT "schema_migrations"."version" FROM "schema_migrations" ORDER BY "schema_migrations"."version" ASC[0m
  ↳ bin/rails:9
  [1m[35m (1.8ms)[0m  [1m[34mSELECT "schema_migrations"."version" FROM "schema_migrations" ORDER BY "schema_migrations"."version" ASC[0m
  ↳ /home/jaspreet/.rbenv/versions/2.5.1/bin/annotate:23
Started GET "/" for ::1 at 2021-03-11 15:02:34 -0500
  [1m[35m (4.2ms)[0m  [1m[34mSELECT "schema_migrations"."version" FROM "schema_migrations" ORDER BY "schema_migrations"."version" ASC[0m
  ↳ /home/jaspreet/.rbenv/versions/2.5.1/lib/ruby/gems/2.5.0/gems/activerecord-5.2.4.5/lib/active_record/log_subscriber.rb:98
Processing by Rails::WelcomeController#index as HTML
  Rendering /home/jaspreet/.rbenv/versions/2.5.1/lib/ruby/gems/2.5.0/gems/railties-5.2.4.5/lib/rails/templates/rails/welcome/index.html.erb
  Rendered /home/jaspreet/.rbenv/versions/2.5.1/lib/ruby/gems/2.5.0/gems/railties-5.2.4.5/lib/rails/templates/rails/welcome/index.html.erb (8.4ms)
Completed 200 OK in 22ms (Views: 14.9ms | ActiveRecord: 0.0ms)


Started GET "/" for ::1 at 2021-03-11 15:05:01 -0500
Processing by StaticPagesController#root as HTML
Completed 406 Not Acceptable in 62ms (ActiveRecord: 0.0ms)



ActionController::UnknownFormat - StaticPagesController#root is missing a template for this request format and variant.
request.formats: ["text/html"]
request.variant: []
NOTE! For XHR/Ajax or API requests, this action would normally respond with 204 No Content: an empty white screen. Since you're loading it in a web browser, we assume that you expected to actually render a template, not nothing, so we're showing an error to be extra-clear. If you expect 204 No Content, carry on. That's what you'll get from an XHR or API request. Give it a shot.:

Started POST "/__better_errors/6b072c7259d50568/variables" for ::1 at 2021-03-11 15:05:02 -0500
Started GET "/" for ::1 at 2021-03-11 15:05:39 -0500
Processing by StaticPagesController#root as HTML
  Rendering static_pages/root.html within layouts/application
  Rendered static_pages/root.html within layouts/application (1.2ms)
Completed 500 Internal Server Error in 638ms (ActiveRecord: 0.0ms)



Sprockets::FileNotFound - couldn't find file 'query' with type 'application/javascript'
Checked in these paths: 
  /home/jaspreet/aaclasswork/bench_bnb/bnb/app/assets/config
  /home/jaspreet/aaclasswork/bench_bnb/bnb/app/assets/images
  /home/jaspreet/aaclasswork/bench_bnb/bnb/app/assets/javascripts
  /home/jaspreet/aaclasswork/bench_bnb/bnb/app/assets/stylesheets
  /home/jaspreet/.rbenv/versions/2.5.1/lib/ruby/gems/2.5.0/gems/jquery-rails-4.4.0/vendor/assets/javascripts
  /home/jaspreet/.rbenv/versions/2.5.1/lib/ruby/gems/2.5.0/gems/coffee-rails-4.2.2/lib/assets/javascripts
  /home/jaspreet/.rbenv/versions/2.5.1/lib/ruby/gems/2.5.0/gems/actioncable-5.2.4.5/lib/assets/compiled
  /home/jaspreet/.rbenv/versions/2.5.1/lib/ruby/gems/2.5.0/gems/activestorage-5.2.4.5/app/assets/javascripts
  /home/jaspreet/.rbenv/versions/2.5.1/lib/ruby/gems/2.5.0/gems/actionview-5.2.4.5/lib/assets/compiled
  /home/jaspreet/aaclasswork/bench_bnb/bnb/node_modules:
  app/views/layouts/application.html.erb:8:in `_app_views_layouts_application_html_erb__4256046521038964325_47104164568740'

Started POST "/__better_errors/34d50364266ca2d9/variables" for ::1 at 2021-03-11 15:05:41 -0500
Started GET "/" for ::1 at 2021-03-11 15:07:24 -0500
Processing by StaticPagesController#root as HTML
  Rendering static_pages/root.html within layouts/application
  Rendered static_pages/root.html within layouts/application (0.6ms)
Completed 200 OK in 5177ms (Views: 5174.8ms | ActiveRecord: 0.0ms)


Started POST "/api/users/new" for ::1 at 2021-03-11 15:10:56 -0500
  
ActionController::RoutingError (No route matches [POST] "/api/users/new"):
  
actionpack (5.2.4.5) lib/action_dispatch/middleware/debug_exceptions.rb:65:in `call'
web-console (3.7.0) lib/web_console/middleware.rb:135:in `call_app'
web-console (3.7.0) lib/web_console/middleware.rb:30:in `block in call'
web-console (3.7.0) lib/web_console/middleware.rb:20:in `catch'
web-console (3.7.0) lib/web_console/middleware.rb:20:in `call'
actionpack (5.2.4.5) lib/action_dispatch/middleware/show_exceptions.rb:33:in `call'
railties (5.2.4.5) lib/rails/rack/logger.rb:38:in `call_app'
railties (5.2.4.5) lib/rails/rack/logger.rb:26:in `block in call'
activesupport (5.2.4.5) lib/active_support/tagged_logging.rb:71:in `block in tagged'
activesupport (5.2.4.5) lib/active_support/tagged_logging.rb:28:in `tagged'
activesupport (5.2.4.5) lib/active_support/tagged_logging.rb:71:in `tagged'
railties (5.2.4.5) lib/rails/rack/logger.rb:26:in `call'
sprockets-rails (3.2.2) lib/sprockets/rails/quiet_assets.rb:13:in `call'
actionpack (5.2.4.5) lib/action_dispatch/middleware/remote_ip.rb:81:in `call'
actionpack (5.2.4.5) lib/action_dispatch/middleware/request_id.rb:27:in `call'
rack (2.2.3) lib/rack/method_override.rb:24:in `call'
rack (2.2.3) lib/rack/runtime.rb:22:in `call'
activesupport (5.2.4.5) lib/active_support/cache/strategy/local_cache_middleware.rb:29:in `call'
actionpack (5.2.4.5) lib/action_dispatch/middleware/executor.rb:14:in `call'
actionpack (5.2.4.5) lib/action_dispatch/middleware/static.rb:127:in `call'
rack (2.2.3) lib/rack/sendfile.rb:110:in `call'
railties (5.2.4.5) lib/rails/engine.rb:524:in `call'
puma (3.12.6) lib/puma/configuration.rb:227:in `call'
puma (3.12.6) lib/puma/server.rb:706:in `handle_request'
puma (3.12.6) lib/puma/server.rb:476:in `process_client'
puma (3.12.6) lib/puma/server.rb:334:in `block in run'
puma (3.12.6) lib/puma/thread_pool.rb:135:in `block in spawn_thread'
Started GET "/" for ::1 at 2021-03-11 15:12:06 -0500
Processing by StaticPagesController#root as */*
  Rendering static_pages/root.html within layouts/application
  Rendered static_pages/root.html within layouts/application (1.3ms)
Completed 200 OK in 89ms (Views: 76.4ms | ActiveRecord: 0.0ms)


Started POST "/?username=jassi&password=[FILTERED]" for ::1 at 2021-03-11 15:13:40 -0500
  
ActionController::RoutingError (No route matches [POST] "/"):
  
actionpack (5.2.4.5) lib/action_dispatch/middleware/debug_exceptions.rb:65:in `call'
web-console (3.7.0) lib/web_console/middleware.rb:135:in `call_app'
web-console (3.7.0) lib/web_console/middleware.rb:30:in `block in call'
web-console (3.7.0) lib/web_console/middleware.rb:20:in `catch'
web-console (3.7.0) lib/web_console/middleware.rb:20:in `call'
actionpack (5.2.4.5) lib/action_dispatch/middleware/show_exceptions.rb:33:in `call'
railties (5.2.4.5) lib/rails/rack/logger.rb:38:in `call_app'
railties (5.2.4.5) lib/rails/rack/logger.rb:26:in `block in call'
activesupport (5.2.4.5) lib/active_support/tagged_logging.rb:71:in `block in tagged'
activesupport (5.2.4.5) lib/active_support/tagged_logging.rb:28:in `tagged'
activesupport (5.2.4.5) lib/active_support/tagged_logging.rb:71:in `tagged'
railties (5.2.4.5) lib/rails/rack/logger.rb:26:in `call'
sprockets-rails (3.2.2) lib/sprockets/rails/quiet_assets.rb:13:in `call'
actionpack (5.2.4.5) lib/action_dispatch/middleware/remote_ip.rb:81:in `call'
actionpack (5.2.4.5) lib/action_dispatch/middleware/request_id.rb:27:in `call'
rack (2.2.3) lib/rack/method_override.rb:24:in `call'
rack (2.2.3) lib/rack/runtime.rb:22:in `call'
activesupport (5.2.4.5) lib/active_support/cache/strategy/local_cache_middleware.rb:29:in `call'
actionpack (5.2.4.5) lib/action_dispatch/middleware/executor.rb:14:in `call'
actionpack (5.2.4.5) lib/action_dispatch/middleware/static.rb:127:in `call'
rack (2.2.3) lib/rack/sendfile.rb:110:in `call'
railties (5.2.4.5) lib/rails/engine.rb:524:in `call'
puma (3.12.6) lib/puma/configuration.rb:227:in `call'
puma (3.12.6) lib/puma/server.rb:706:in `handle_request'
puma (3.12.6) lib/puma/server.rb:476:in `process_client'
puma (3.12.6) lib/puma/server.rb:334:in `block in run'
puma (3.12.6) lib/puma/thread_pool.rb:135:in `block in spawn_thread'
Started POST "/api/users" for ::1 at 2021-03-11 15:18:15 -0500
Processing by Api::UsersController#create as JSON
  Parameters: {"username"=>"jassi", "password"=>"[FILTERED]"}
Completed 400 Bad Request in 9ms (ActiveRecord: 0.0ms)



ActionController::ParameterMissing - param is missing or the value is empty: user:
  app/controllers/api/users_controller.rb:18:in `user_params'
  app/controllers/api/users_controller.rb:8:in `create'

Started POST "/?username=jassi&password=[FILTERED]" for ::1 at 2021-03-11 15:21:47 -0500
  
ActionController::RoutingError (No route matches [POST] "/"):
  
actionpack (5.2.4.5) lib/action_dispatch/middleware/debug_exceptions.rb:65:in `call'
web-console (3.7.0) lib/web_console/middleware.rb:135:in `call_app'
web-console (3.7.0) lib/web_console/middleware.rb:30:in `block in call'
web-console (3.7.0) lib/web_console/middleware.rb:20:in `catch'
web-console (3.7.0) lib/web_console/middleware.rb:20:in `call'
actionpack (5.2.4.5) lib/action_dispatch/middleware/show_exceptions.rb:33:in `call'
railties (5.2.4.5) lib/rails/rack/logger.rb:38:in `call_app'
railties (5.2.4.5) lib/rails/rack/logger.rb:26:in `block in call'
activesupport (5.2.4.5) lib/active_support/tagged_logging.rb:71:in `block in tagged'
activesupport (5.2.4.5) lib/active_support/tagged_logging.rb:28:in `tagged'
activesupport (5.2.4.5) lib/active_support/tagged_logging.rb:71:in `tagged'
railties (5.2.4.5) lib/rails/rack/logger.rb:26:in `call'
sprockets-rails (3.2.2) lib/sprockets/rails/quiet_assets.rb:13:in `call'
actionpack (5.2.4.5) lib/action_dispatch/middleware/remote_ip.rb:81:in `call'
actionpack (5.2.4.5) lib/action_dispatch/middleware/request_id.rb:27:in `call'
rack (2.2.3) lib/rack/method_override.rb:24:in `call'
rack (2.2.3) lib/rack/runtime.rb:22:in `call'
activesupport (5.2.4.5) lib/active_support/cache/strategy/local_cache_middleware.rb:29:in `call'
actionpack (5.2.4.5) lib/action_dispatch/middleware/executor.rb:14:in `call'
actionpack (5.2.4.5) lib/action_dispatch/middleware/static.rb:127:in `call'
rack (2.2.3) lib/rack/sendfile.rb:110:in `call'
railties (5.2.4.5) lib/rails/engine.rb:524:in `call'
puma (3.12.6) lib/puma/configuration.rb:227:in `call'
puma (3.12.6) lib/puma/server.rb:706:in `handle_request'
puma (3.12.6) lib/puma/server.rb:476:in `process_client'
puma (3.12.6) lib/puma/server.rb:334:in `block in run'
puma (3.12.6) lib/puma/thread_pool.rb:135:in `block in spawn_thread'
Started POST "/api/users/new?username=jassi&password=[FILTERED]" for ::1 at 2021-03-11 15:22:27 -0500
  
ActionController::RoutingError (No route matches [POST] "/api/users/new"):
  
actionpack (5.2.4.5) lib/action_dispatch/middleware/debug_exceptions.rb:65:in `call'
web-console (3.7.0) lib/web_console/middleware.rb:135:in `call_app'
web-console (3.7.0) lib/web_console/middleware.rb:30:in `block in call'
web-console (3.7.0) lib/web_console/middleware.rb:20:in `catch'
web-console (3.7.0) lib/web_console/middleware.rb:20:in `call'
actionpack (5.2.4.5) lib/action_dispatch/middleware/show_exceptions.rb:33:in `call'
railties (5.2.4.5) lib/rails/rack/logger.rb:38:in `call_app'
railties (5.2.4.5) lib/rails/rack/logger.rb:26:in `block in call'
activesupport (5.2.4.5) lib/active_support/tagged_logging.rb:71:in `block in tagged'
activesupport (5.2.4.5) lib/active_support/tagged_logging.rb:28:in `tagged'
activesupport (5.2.4.5) lib/active_support/tagged_logging.rb:71:in `tagged'
railties (5.2.4.5) lib/rails/rack/logger.rb:26:in `call'
sprockets-rails (3.2.2) lib/sprockets/rails/quiet_assets.rb:13:in `call'
actionpack (5.2.4.5) lib/action_dispatch/middleware/remote_ip.rb:81:in `call'
actionpack (5.2.4.5) lib/action_dispatch/middleware/request_id.rb:27:in `call'
rack (2.2.3) lib/rack/method_override.rb:24:in `call'
rack (2.2.3) lib/rack/runtime.rb:22:in `call'
activesupport (5.2.4.5) lib/active_support/cache/strategy/local_cache_middleware.rb:29:in `call'
actionpack (5.2.4.5) lib/action_dispatch/middleware/executor.rb:14:in `call'
actionpack (5.2.4.5) lib/action_dispatch/middleware/static.rb:127:in `call'
rack (2.2.3) lib/rack/sendfile.rb:110:in `call'
railties (5.2.4.5) lib/rails/engine.rb:524:in `call'
puma (3.12.6) lib/puma/configuration.rb:227:in `call'
puma (3.12.6) lib/puma/server.rb:706:in `handle_request'
puma (3.12.6) lib/puma/server.rb:476:in `process_client'
puma (3.12.6) lib/puma/server.rb:334:in `block in run'
puma (3.12.6) lib/puma/thread_pool.rb:135:in `block in spawn_thread'
Started POST "/api/users?username=jassi&password=[FILTERED]" for ::1 at 2021-03-11 15:22:51 -0500
Processing by Api::UsersController#create as JSON
  Parameters: {"username"=>"jassi", "password"=>"[FILTERED]"}
Can't verify CSRF token authenticity.
Completed 422 Unprocessable Entity in 2ms (ActiveRecord: 0.0ms)



ActionController::InvalidAuthenticityToken - ActionController::InvalidAuthenticityToken:

Started POST "/api/users" for ::1 at 2021-03-11 15:23:41 -0500
Processing by Api::UsersController#create as JSON
Can't verify CSRF token authenticity.
Completed 422 Unprocessable Entity in 1ms (ActiveRecord: 0.0ms)



ActionController::InvalidAuthenticityToken - ActionController::InvalidAuthenticityToken:

Started POST "/api/users" for ::1 at 2021-03-11 15:23:43 -0500
Processing by Api::UsersController#create as JSON
Can't verify CSRF token authenticity.
Completed 422 Unprocessable Entity in 1ms (ActiveRecord: 0.0ms)



ActionController::InvalidAuthenticityToken - ActionController::InvalidAuthenticityToken:

Started POST "/api/users?username=fg" for ::1 at 2021-03-11 15:24:04 -0500
Processing by Api::UsersController#create as JSON
  Parameters: {"username"=>"fg"}
Can't verify CSRF token authenticity.
Completed 422 Unprocessable Entity in 4ms (ActiveRecord: 0.0ms)



ActionController::InvalidAuthenticityToken - ActionController::InvalidAuthenticityToken:

Started POST "/api/session" for ::1 at 2021-03-11 15:26:15 -0500
Processing by Api::SessionsController#create as JSON
Can't verify CSRF token authenticity.
Completed 422 Unprocessable Entity in 1ms (ActiveRecord: 0.0ms)



ActionController::InvalidAuthenticityToken - ActionController::InvalidAuthenticityToken:

Started GET "/api/session/new" for ::1 at 2021-03-11 15:26:33 -0500
Processing by Api::SessionsController#new as JSON
Completed 500 Internal Server Error in 6ms (ActiveRecord: 0.0ms)



ActionView::MissingTemplate - Missing template api/sessions/new, application/new with {:locale=>[:en], :formats=>[:json], :variants=>[], :handlers=>[:raw, :erb, :html, :builder, :ruby, :coffee, :jbuilder]}. Searched in:
  * "/home/jaspreet/aaclasswork/bench_bnb/bnb/app/views":
  app/controllers/api/sessions_controller.rb:3:in `new'

Started GET "/api/session" for ::1 at 2021-03-11 16:07:41 -0500
  
ActionController::RoutingError (No route matches [GET] "/api/session"):
  
actionpack (5.2.4.5) lib/action_dispatch/middleware/debug_exceptions.rb:65:in `call'
web-console (3.7.0) lib/web_console/middleware.rb:135:in `call_app'
web-console (3.7.0) lib/web_console/middleware.rb:30:in `block in call'
web-console (3.7.0) lib/web_console/middleware.rb:20:in `catch'
web-console (3.7.0) lib/web_console/middleware.rb:20:in `call'
actionpack (5.2.4.5) lib/action_dispatch/middleware/show_exceptions.rb:33:in `call'
railties (5.2.4.5) lib/rails/rack/logger.rb:38:in `call_app'
railties (5.2.4.5) lib/rails/rack/logger.rb:26:in `block in call'
activesupport (5.2.4.5) lib/active_support/tagged_logging.rb:71:in `block in tagged'
activesupport (5.2.4.5) lib/active_support/tagged_logging.rb:28:in `tagged'
activesupport (5.2.4.5) lib/active_support/tagged_logging.rb:71:in `tagged'
railties (5.2.4.5) lib/rails/rack/logger.rb:26:in `call'
sprockets-rails (3.2.2) lib/sprockets/rails/quiet_assets.rb:13:in `call'
actionpack (5.2.4.5) lib/action_dispatch/middleware/remote_ip.rb:81:in `call'
actionpack (5.2.4.5) lib/action_dispatch/middleware/request_id.rb:27:in `call'
rack (2.2.3) lib/rack/method_override.rb:24:in `call'
rack (2.2.3) lib/rack/runtime.rb:22:in `call'
activesupport (5.2.4.5) lib/active_support/cache/strategy/local_cache_middleware.rb:29:in `call'
actionpack (5.2.4.5) lib/action_dispatch/middleware/executor.rb:14:in `call'
actionpack (5.2.4.5) lib/action_dispatch/middleware/static.rb:127:in `call'
rack (2.2.3) lib/rack/sendfile.rb:110:in `call'
railties (5.2.4.5) lib/rails/engine.rb:524:in `call'
puma (3.12.6) lib/puma/configuration.rb:227:in `call'
puma (3.12.6) lib/puma/server.rb:706:in `handle_request'
puma (3.12.6) lib/puma/server.rb:476:in `process_client'
puma (3.12.6) lib/puma/server.rb:334:in `block in run'
puma (3.12.6) lib/puma/thread_pool.rb:135:in `block in spawn_thread'
Started POST "/api/session" for ::1 at 2021-03-11 16:07:53 -0500
Processing by Api::SessionsController#create as JSON
Can't verify CSRF token authenticity.
Completed 422 Unprocessable Entity in 4ms (ActiveRecord: 0.0ms)



ActionController::InvalidAuthenticityToken - ActionController::InvalidAuthenticityToken:

Started POST "/api/session" for ::1 at 2021-03-11 16:09:26 -0500
Processing by Api::SessionsController#create as JSON
Completed 500 Internal Server Error in 11ms (ActiveRecord: 0.0ms)



NoMethodError - undefined method `[]' for nil:NilClass:
  app/controllers/api/sessions_controller.rb:8:in `create'

Started POST "/api/users" for ::1 at 2021-03-11 16:11:46 -0500
Processing by Api::UsersController#create as JSON
  Parameters: {"users"=>{"username"=>"jassi", "password"=>"[FILTERED]"}}
  [1m[35m (0.5ms)[0m  [1m[35mBEGIN[0m
  ↳ app/controllers/api/users_controller.rb:9
  [1m[36mUser Exists (1.5ms)[0m  [1m[34mSELECT  1 AS one FROM "users" WHERE "users"."username" = $1 LIMIT $2[0m  [["username", "jassi"], ["LIMIT", 1]]
  ↳ app/controllers/api/users_controller.rb:9
  [1m[36mUser Exists (0.5ms)[0m  [1m[34mSELECT  1 AS one FROM "users" WHERE "users"."session_token" IS NULL LIMIT $1[0m  [["LIMIT", 1]]
  ↳ app/controllers/api/users_controller.rb:9
  [1m[35m (0.5ms)[0m  [1m[31mROLLBACK[0m
  ↳ app/controllers/api/users_controller.rb:9
No template found for Api::UsersController#create, rendering head :no_content
Completed 204 No Content in 353ms (ActiveRecord: 20.7ms)


Started POST "/api/users" for ::1 at 2021-03-11 16:15:04 -0500
Processing by Api::UsersController#create as JSON
  Parameters: {"users"=>{"username"=>"jassi", "password"=>"[FILTERED]"}}
  [1m[35m (0.6ms)[0m  [1m[35mBEGIN[0m
  ↳ app/controllers/api/users_controller.rb:9
  [1m[36mUser Exists (0.8ms)[0m  [1m[34mSELECT  1 AS one FROM "users" WHERE "users"."username" = $1 LIMIT $2[0m  [["username", "jassi"], ["LIMIT", 1]]
  ↳ app/controllers/api/users_controller.rb:9
  [1m[36mUser Exists (0.6ms)[0m  [1m[34mSELECT  1 AS one FROM "users" WHERE "users"."session_token" IS NULL LIMIT $1[0m  [["LIMIT", 1]]
  ↳ app/controllers/api/users_controller.rb:9
  [1m[35m (0.7ms)[0m  [1m[31mROLLBACK[0m
  ↳ app/controllers/api/users_controller.rb:9
No template found for Api::UsersController#create, rendering head :no_content
Completed 204 No Content in 343ms (ActiveRecord: 2.7ms)


Started POST "/api/users" for ::1 at 2021-03-11 16:15:12 -0500
Processing by Api::UsersController#create as JSON
  Parameters: {"users"=>{"username"=>"jassi", "password"=>"[FILTERED]"}}
  [1m[35m (0.4ms)[0m  [1m[35mBEGIN[0m
  ↳ app/controllers/api/users_controller.rb:9
  [1m[36mUser Exists (0.7ms)[0m  [1m[34mSELECT  1 AS one FROM "users" WHERE "users"."username" = $1 LIMIT $2[0m  [["username", "jassi"], ["LIMIT", 1]]
  ↳ app/controllers/api/users_controller.rb:9
  [1m[36mUser Exists (0.4ms)[0m  [1m[34mSELECT  1 AS one FROM "users" WHERE "users"."session_token" IS NULL LIMIT $1[0m  [["LIMIT", 1]]
  ↳ app/controllers/api/users_controller.rb:9
  [1m[35m (0.4ms)[0m  [1m[31mROLLBACK[0m
  ↳ app/controllers/api/users_controller.rb:9
No template found for Api::UsersController#create, rendering head :no_content
Completed 204 No Content in 307ms (ActiveRecord: 1.8ms)


Started POST "/api/users" for ::1 at 2021-03-11 16:15:18 -0500
Processing by Api::UsersController#create as JSON
  Parameters: {"users"=>{"username"=>"jassi12", "password"=>"[FILTERED]"}}
  [1m[35m (0.3ms)[0m  [1m[35mBEGIN[0m
  ↳ app/controllers/api/users_controller.rb:9
  [1m[36mUser Exists (0.5ms)[0m  [1m[34mSELECT  1 AS one FROM "users" WHERE "users"."username" = $1 LIMIT $2[0m  [["username", "jassi12"], ["LIMIT", 1]]
  ↳ app/controllers/api/users_controller.rb:9
  [1m[36mUser Exists (0.8ms)[0m  [1m[34mSELECT  1 AS one FROM "users" WHERE "users"."session_token" IS NULL LIMIT $1[0m  [["LIMIT", 1]]
  ↳ app/controllers/api/users_controller.rb:9
  [1m[35m (0.4ms)[0m  [1m[31mROLLBACK[0m
  ↳ app/controllers/api/users_controller.rb:9
No template found for Api::UsersController#create, rendering head :no_content
Completed 204 No Content in 320ms (ActiveRecord: 1.9ms)


Started POST "/api/users" for ::1 at 2021-03-11 16:16:10 -0500
Processing by Api::UsersController#create as JSON
  Parameters: {"users"=>{"username"=>"jassi125", "password"=>"[FILTERED]"}}
  [1m[35m (0.3ms)[0m  [1m[35mBEGIN[0m
  ↳ app/controllers/api/users_controller.rb:9
  [1m[36mUser Exists (0.4ms)[0m  [1m[34mSELECT  1 AS one FROM "users" WHERE "users"."username" = $1 LIMIT $2[0m  [["username", "jassi125"], ["LIMIT", 1]]
  ↳ app/controllers/api/users_controller.rb:9
  [1m[36mUser Exists (0.6ms)[0m  [1m[34mSELECT  1 AS one FROM "users" WHERE "users"."session_token" IS NULL LIMIT $1[0m  [["LIMIT", 1]]
  ↳ app/controllers/api/users_controller.rb:9
  [1m[35m (0.5ms)[0m  [1m[31mROLLBACK[0m
  ↳ app/controllers/api/users_controller.rb:9
Completed 200 OK in 335ms (Views: 1.1ms | ActiveRecord: 8.9ms)


Started POST "/api/users" for ::1 at 2021-03-11 16:17:06 -0500
Processing by Api::UsersController#create as JSON
  Parameters: {"users"=>{"username"=>"jassi1253", "password"=>"[FILTERED]"}}
  [1m[35m (0.3ms)[0m  [1m[35mBEGIN[0m
  ↳ app/controllers/api/users_controller.rb:9
  [1m[36mUser Exists (0.7ms)[0m  [1m[34mSELECT  1 AS one FROM "users" WHERE "users"."username" = $1 LIMIT $2[0m  [["username", "jassi1253"], ["LIMIT", 1]]
  ↳ app/controllers/api/users_controller.rb:9
  [1m[36mUser Exists (0.4ms)[0m  [1m[34mSELECT  1 AS one FROM "users" WHERE "users"."session_token" = $1 LIMIT $2[0m  [["session_token", "yfa-oH4NCzC4zu_AVXo_7w"], ["LIMIT", 1]]
  ↳ app/controllers/api/users_controller.rb:9
  [1m[36mUser Create (4.8ms)[0m  [1m[32mINSERT INTO "users" ("username", "password_digest", "session_token", "created_at", "updated_at") VALUES ($1, $2, $3, $4, $5) RETURNING "id"[0m  [["username", "jassi1253"], ["password_digest", "$2a$12$o2Faz7hTJsx2Zkxh04G1mO1VyiQiWcqq6G0BtQRLWtd4.itdKVrsu"], ["session_token", "yfa-oH4NCzC4zu_AVXo_7w"], ["created_at", "2021-03-11 21:17:06.905753"], ["updated_at", "2021-03-11 21:17:06.905753"]]
  ↳ app/controllers/api/users_controller.rb:9
  [1m[35m (3.9ms)[0m  [1m[35mCOMMIT[0m
  ↳ app/controllers/api/users_controller.rb:9
  Rendering api/users/show.json.jbuilder
  Rendered api/users/show.json.jbuilder (3.3ms)
Completed 200 OK in 398ms (Views: 13.2ms | ActiveRecord: 19.8ms)


Started POST "/api/users" for ::1 at 2021-03-11 16:17:26 -0500
Processing by Api::UsersController#create as JSON
  Parameters: {"users"=>{"username"=>"Andrew", "password"=>"[FILTERED]"}}
  [1m[35m (0.3ms)[0m  [1m[35mBEGIN[0m
  ↳ app/controllers/api/users_controller.rb:9
  [1m[36mUser Exists (0.9ms)[0m  [1m[34mSELECT  1 AS one FROM "users" WHERE "users"."username" = $1 LIMIT $2[0m  [["username", "Andrew"], ["LIMIT", 1]]
  ↳ app/controllers/api/users_controller.rb:9
  [1m[36mUser Exists (1.1ms)[0m  [1m[34mSELECT  1 AS one FROM "users" WHERE "users"."session_token" = $1 LIMIT $2[0m  [["session_token", "peNbFfJnAmBlD3YUx5tjcw"], ["LIMIT", 1]]
  ↳ app/controllers/api/users_controller.rb:9
  [1m[36mUser Create (1.1ms)[0m  [1m[32mINSERT INTO "users" ("username", "password_digest", "session_token", "created_at", "updated_at") VALUES ($1, $2, $3, $4, $5) RETURNING "id"[0m  [["username", "Andrew"], ["password_digest", "$2a$12$1.VDyOXZv2oq9elgDig1veh3xOxYW9LaB8b5Wjm8wWp/hjvKsjLEK"], ["session_token", "peNbFfJnAmBlD3YUx5tjcw"], ["created_at", "2021-03-11 21:17:26.554535"], ["updated_at", "2021-03-11 21:17:26.554535"]]
  ↳ app/controllers/api/users_controller.rb:9
  [1m[35m (3.8ms)[0m  [1m[35mCOMMIT[0m
  ↳ app/controllers/api/users_controller.rb:9
  Rendering api/users/show.json.jbuilder
  Rendered api/users/show.json.jbuilder (1.1ms)
Completed 200 OK in 290ms (Views: 5.2ms | ActiveRecord: 7.1ms)


Started POST "/api/users" for ::1 at 2021-03-11 16:17:34 -0500
Processing by Api::UsersController#create as JSON
  Parameters: {"users"=>{"username"=>"Rich", "password"=>"[FILTERED]"}}
  [1m[35m (0.3ms)[0m  [1m[35mBEGIN[0m
  ↳ app/controllers/api/users_controller.rb:9
  [1m[36mUser Exists (0.6ms)[0m  [1m[34mSELECT  1 AS one FROM "users" WHERE "users"."username" = $1 LIMIT $2[0m  [["username", "Rich"], ["LIMIT", 1]]
  ↳ app/controllers/api/users_controller.rb:9
  [1m[36mUser Exists (0.5ms)[0m  [1m[34mSELECT  1 AS one FROM "users" WHERE "users"."session_token" = $1 LIMIT $2[0m  [["session_token", "Y0cufMWai4Ljx1vTtMP1Ug"], ["LIMIT", 1]]
  ↳ app/controllers/api/users_controller.rb:9
  [1m[36mUser Create (0.8ms)[0m  [1m[32mINSERT INTO "users" ("username", "password_digest", "session_token", "created_at", "updated_at") VALUES ($1, $2, $3, $4, $5) RETURNING "id"[0m  [["username", "Rich"], ["password_digest", "$2a$12$hPs9EPZzj50UkS0SSsnhHehHvyYsG9joTEH94hdLCzXw4r.4FWtuy"], ["session_token", "Y0cufMWai4Ljx1vTtMP1Ug"], ["created_at", "2021-03-11 21:17:34.432107"], ["updated_at", "2021-03-11 21:17:34.432107"]]
  ↳ app/controllers/api/users_controller.rb:9
  [1m[35m (3.1ms)[0m  [1m[35mCOMMIT[0m
  ↳ app/controllers/api/users_controller.rb:9
  Rendering api/users/show.json.jbuilder
  Rendered api/users/show.json.jbuilder (1.8ms)
Completed 200 OK in 243ms (Views: 5.8ms | ActiveRecord: 5.3ms)


Started GET "/" for ::1 at 2021-03-11 16:19:38 -0500
Processing by StaticPagesController#root as HTML
  Rendering static_pages/root.html within layouts/application
  Rendered static_pages/root.html within layouts/application (3.0ms)
Completed 200 OK in 316ms (Views: 311.6ms | ActiveRecord: 0.0ms)


Started GET "/" for ::1 at 2021-03-11 16:20:16 -0500
Processing by StaticPagesController#root as HTML
  Rendering static_pages/root.html within layouts/application
  Rendered static_pages/root.html within layouts/application (2.4ms)
Completed 200 OK in 588ms (Views: 582.3ms | ActiveRecord: 0.0ms)


Started GET "/" for ::1 at 2021-03-11 16:20:56 -0500
Processing by StaticPagesController#root as HTML
  Rendering static_pages/root.html within layouts/application
  Rendered static_pages/root.html within layouts/application (0.4ms)
Completed 200 OK in 480ms (Views: 478.6ms | ActiveRecord: 0.0ms)


Started GET "/" for ::1 at 2021-03-11 16:21:21 -0500
Processing by StaticPagesController#root as HTML
  Rendering static_pages/root.html within layouts/application
  Rendered static_pages/root.html within layouts/application (0.5ms)
Completed 200 OK in 392ms (Views: 391.0ms | ActiveRecord: 0.0ms)


Started GET "/" for ::1 at 2021-03-11 16:21:39 -0500
Processing by StaticPagesController#root as HTML
  Rendering static_pages/root.html within layouts/application
  Rendered static_pages/root.html within layouts/application (0.7ms)
Completed 200 OK in 395ms (Views: 393.1ms | ActiveRecord: 0.0ms)


Started GET "/" for ::1 at 2021-03-11 16:23:57 -0500
Processing by StaticPagesController#root as HTML
  Rendering static_pages/root.html within layouts/application
  Rendered static_pages/root.html within layouts/application (0.8ms)
Completed 200 OK in 336ms (Views: 334.5ms | ActiveRecord: 0.0ms)


Started POST "/api/users" for ::1 at 2021-03-11 16:24:01 -0500
Processing by Api::UsersController#create as JSON
  Parameters: {"user"=>{"username"=>"rich3", "password"=>"[FILTERED]"}}
Completed 400 Bad Request in 2ms (ActiveRecord: 0.0ms)



ActionController::ParameterMissing - param is missing or the value is empty: users:
  app/controllers/api/users_controller.rb:19:in `user_params'
  app/controllers/api/users_controller.rb:8:in `create'

Started POST "/api/users" for ::1 at 2021-03-11 16:24:38 -0500
Processing by Api::UsersController#create as JSON
  Parameters: {"user"=>{"username"=>"rich3", "password"=>"[FILTERED]"}}
  [1m[35m (0.3ms)[0m  [1m[35mBEGIN[0m
  ↳ app/controllers/api/users_controller.rb:9
  [1m[36mUser Exists (0.5ms)[0m  [1m[34mSELECT  1 AS one FROM "users" WHERE "users"."username" = $1 LIMIT $2[0m  [["username", "rich3"], ["LIMIT", 1]]
  ↳ app/controllers/api/users_controller.rb:9
  [1m[36mUser Exists (0.4ms)[0m  [1m[34mSELECT  1 AS one FROM "users" WHERE "users"."session_token" = $1 LIMIT $2[0m  [["session_token", "b_HRZF8ylpDG86Yu7EUnCQ"], ["LIMIT", 1]]
  ↳ app/controllers/api/users_controller.rb:9
  [1m[36mUser Create (1.0ms)[0m  [1m[32mINSERT INTO "users" ("username", "password_digest", "session_token", "created_at", "updated_at") VALUES ($1, $2, $3, $4, $5) RETURNING "id"[0m  [["username", "rich3"], ["password_digest", "$2a$12$pMB./rSVVygSbnFQJ69MM.2afxaZD3.J9mE4afrPBleeMSB2e2isy"], ["session_token", "b_HRZF8ylpDG86Yu7EUnCQ"], ["created_at", "2021-03-11 21:24:38.818555"], ["updated_at", "2021-03-11 21:24:38.818555"]]
  ↳ app/controllers/api/users_controller.rb:9
  [1m[35m (2.6ms)[0m  [1m[35mCOMMIT[0m
  ↳ app/controllers/api/users_controller.rb:9
  Rendering api/users/show.json.jbuilder
  Rendered api/users/show.json.jbuilder (1.5ms)
Completed 200 OK in 259ms (Views: 5.3ms | ActiveRecord: 13.0ms)


Started POST "/api/session" for ::1 at 2021-03-11 16:26:23 -0500
Processing by Api::SessionsController#create as JSON
  Parameters: {"user"=>{"username"=>"rich31", "password"=>"[FILTERED]"}}
  [1m[36mUser Load (0.5ms)[0m  [1m[34mSELECT  "users".* FROM "users" WHERE "users"."username" = $1 LIMIT $2[0m  [["username", "rich31"], ["LIMIT", 1]]
  ↳ app/models/user.rb:30
No template found for Api::SessionsController#create, rendering head :no_content
Completed 204 No Content in 42ms (ActiveRecord: 1.0ms)


Started POST "/api/session" for ::1 at 2021-03-11 16:26:40 -0500
Processing by Api::SessionsController#create as JSON
  Parameters: {"user"=>{"username"=>"rich3", "password"=>"[FILTERED]"}}
  [1m[36mUser Load (0.6ms)[0m  [1m[34mSELECT  "users".* FROM "users" WHERE "users"."username" = $1 LIMIT $2[0m  [["username", "rich3"], ["LIMIT", 1]]
  ↳ app/models/user.rb:30
Completed 500 Internal Server Error in 239ms (ActiveRecord: 0.6ms)



NoMethodError - undefined method `reset_session_token' for #<User:0x00007f2a6c5094c8>
Did you mean?  reset_session_token!
               ensure_session_token
               restore_session_token!:
  app/controllers/application_controller.rb:7:in `login!'
  app/controllers/api/sessions_controller.rb:12:in `create'

Started POST "/api/session" for ::1 at 2021-03-11 16:27:03 -0500
Processing by Api::SessionsController#create as JSON
  Parameters: {"user"=>{"username"=>"rich3", "password"=>"[FILTERED]"}}
  [1m[36mUser Load (0.9ms)[0m  [1m[34mSELECT  "users".* FROM "users" WHERE "users"."username" = $1 LIMIT $2[0m  [["username", "rich3"], ["LIMIT", 1]]
  ↳ app/models/user.rb:30
  [1m[35m (0.3ms)[0m  [1m[35mBEGIN[0m
  ↳ app/models/user.rb:40
  [1m[36mUser Exists (0.6ms)[0m  [1m[34mSELECT  1 AS one FROM "users" WHERE "users"."username" = $1 AND "users"."id" != $2 LIMIT $3[0m  [["username", "rich3"], ["id", 4], ["LIMIT", 1]]
  ↳ app/models/user.rb:40
  [1m[36mUser Exists (0.4ms)[0m  [1m[34mSELECT  1 AS one FROM "users" WHERE "users"."session_token" = $1 AND "users"."id" != $2 LIMIT $3[0m  [["session_token", "_k-3P5nEonhHnPjWRKHp0w"], ["id", 4], ["LIMIT", 1]]
  ↳ app/models/user.rb:40
  [1m[35m (0.3ms)[0m  [1m[31mROLLBACK[0m
  ↳ app/models/user.rb:40
Completed 422 Unprocessable Entity in 294ms (ActiveRecord: 8.3ms)



ActiveRecord::RecordInvalid - Validation failed: Password is too short (minimum is 6 characters):
  app/models/user.rb:40:in `reset_session_token!'
  app/controllers/application_controller.rb:7:in `login!'
  app/controllers/api/sessions_controller.rb:12:in `create'

Started POST "/api/session" for ::1 at 2021-03-11 16:29:21 -0500
Processing by Api::SessionsController#create as JSON
  Parameters: {"user"=>{"username"=>"rich3", "password"=>"[FILTERED]"}}
  [1m[36mUser Load (0.4ms)[0m  [1m[34mSELECT  "users".* FROM "users" WHERE "users"."username" = $1 LIMIT $2[0m  [["username", "rich3"], ["LIMIT", 1]]
  ↳ app/models/user.rb:30
  [1m[35m (0.3ms)[0m  [1m[35mBEGIN[0m
  ↳ app/models/user.rb:40
  [1m[36mUser Exists (0.4ms)[0m  [1m[34mSELECT  1 AS one FROM "users" WHERE "users"."username" = $1 AND "users"."id" != $2 LIMIT $3[0m  [["username", "rich3"], ["id", 4], ["LIMIT", 1]]
  ↳ app/models/user.rb:40
  [1m[36mUser Exists (0.3ms)[0m  [1m[34mSELECT  1 AS one FROM "users" WHERE "users"."session_token" = $1 AND "users"."id" != $2 LIMIT $3[0m  [["session_token", "HOD2fmoq0oe5STSp-Ay4PA"], ["id", 4], ["LIMIT", 1]]
  ↳ app/models/user.rb:40
  [1m[36mUser Update (1.3ms)[0m  [1m[33mUPDATE "users" SET "session_token" = $1, "updated_at" = $2 WHERE "users"."id" = $3[0m  [["session_token", "HOD2fmoq0oe5STSp-Ay4PA"], ["updated_at", "2021-03-11 21:29:21.691224"], ["id", 4]]
  ↳ app/models/user.rb:40
  [1m[35m (2.5ms)[0m  [1m[35mCOMMIT[0m
  ↳ app/models/user.rb:40
Completed 500 Internal Server Error in 255ms (ActiveRecord: 12.0ms)



ActionView::MissingTemplate - Missing template api/sessions/show, application/show with {:locale=>[:en], :formats=>[:json], :variants=>[], :handlers=>[:raw, :erb, :html, :builder, :ruby, :coffee, :jbuilder]}. Searched in:
  * "/home/jaspreet/aaclasswork/bench_bnb/bnb/app/views":
  app/controllers/api/sessions_controller.rb:13:in `create'

Started GET "/" for ::1 at 2021-03-11 16:30:14 -0500
Processing by StaticPagesController#root as HTML
  Rendering static_pages/root.html within layouts/application
  Rendered static_pages/root.html within layouts/application (0.6ms)
Completed 200 OK in 53ms (Views: 52.1ms | ActiveRecord: 0.0ms)


Started POST "/api/session" for ::1 at 2021-03-11 16:30:22 -0500
Processing by Api::SessionsController#create as JSON
  Parameters: {"user"=>{"username"=>"rich3", "password"=>"[FILTERED]"}}
  [1m[36mUser Load (0.4ms)[0m  [1m[34mSELECT  "users".* FROM "users" WHERE "users"."username" = $1 LIMIT $2[0m  [["username", "rich3"], ["LIMIT", 1]]
  ↳ app/models/user.rb:30
  [1m[35m (0.4ms)[0m  [1m[35mBEGIN[0m
  ↳ app/models/user.rb:40
  [1m[36mUser Exists (0.5ms)[0m  [1m[34mSELECT  1 AS one FROM "users" WHERE "users"."username" = $1 AND "users"."id" != $2 LIMIT $3[0m  [["username", "rich3"], ["id", 4], ["LIMIT", 1]]
  ↳ app/models/user.rb:40
  [1m[36mUser Exists (0.4ms)[0m  [1m[34mSELECT  1 AS one FROM "users" WHERE "users"."session_token" = $1 AND "users"."id" != $2 LIMIT $3[0m  [["session_token", "H_5OuIQUmCkTJyIKWvPnww"], ["id", 4], ["LIMIT", 1]]
  ↳ app/models/user.rb:40
  [1m[36mUser Update (0.5ms)[0m  [1m[33mUPDATE "users" SET "session_token" = $1, "updated_at" = $2 WHERE "users"."id" = $3[0m  [["session_token", "H_5OuIQUmCkTJyIKWvPnww"], ["updated_at", "2021-03-11 21:30:22.667635"], ["id", 4]]
  ↳ app/models/user.rb:40
  [1m[35m (2.7ms)[0m  [1m[35mCOMMIT[0m
  ↳ app/models/user.rb:40
  Rendering api/sessions/show.json.jbuilder
  Rendered api/sessions/show.json.jbuilder (5.5ms)
Completed 500 Internal Server Error in 233ms (ActiveRecord: 5.0ms)



ActionView::MissingTemplate - Missing partial users/_show with {:locale=>[:en], :formats=>[:json], :variants=>[], :handlers=>[:jbuilder]}. Searched in:
  * "/home/jaspreet/aaclasswork/bench_bnb/bnb/app/views":
  app/views/api/sessions/show.json.jbuilder:1:in `_app_views_api_sessions_show_json_jbuilder___1155083339605354418_69910144468800'
  app/controllers/api/sessions_controller.rb:13:in `create'

Started GET "/" for ::1 at 2021-03-11 16:30:52 -0500
Processing by StaticPagesController#root as HTML
  Rendering static_pages/root.html within layouts/application
  Rendered static_pages/root.html within layouts/application (0.4ms)
Completed 200 OK in 43ms (Views: 42.1ms | ActiveRecord: 0.0ms)


Started POST "/api/session" for ::1 at 2021-03-11 16:30:54 -0500
Processing by Api::SessionsController#create as JSON
  Parameters: {"user"=>{"username"=>"rich3", "password"=>"[FILTERED]"}}
  [1m[36mUser Load (0.4ms)[0m  [1m[34mSELECT  "users".* FROM "users" WHERE "users"."username" = $1 LIMIT $2[0m  [["username", "rich3"], ["LIMIT", 1]]
  ↳ app/models/user.rb:30
  [1m[35m (0.3ms)[0m  [1m[35mBEGIN[0m
  ↳ app/models/user.rb:40
  [1m[36mUser Exists (0.4ms)[0m  [1m[34mSELECT  1 AS one FROM "users" WHERE "users"."username" = $1 AND "users"."id" != $2 LIMIT $3[0m  [["username", "rich3"], ["id", 4], ["LIMIT", 1]]
  ↳ app/models/user.rb:40
  [1m[36mUser Exists (0.3ms)[0m  [1m[34mSELECT  1 AS one FROM "users" WHERE "users"."session_token" = $1 AND "users"."id" != $2 LIMIT $3[0m  [["session_token", "VW3myC9j9VhTQ7LT5J0srw"], ["id", 4], ["LIMIT", 1]]
  ↳ app/models/user.rb:40
  [1m[36mUser Update (0.4ms)[0m  [1m[33mUPDATE "users" SET "session_token" = $1, "updated_at" = $2 WHERE "users"."id" = $3[0m  [["session_token", "VW3myC9j9VhTQ7LT5J0srw"], ["updated_at", "2021-03-11 21:30:54.877451"], ["id", 4]]
  ↳ app/models/user.rb:40
  [1m[35m (2.3ms)[0m  [1m[35mCOMMIT[0m
  ↳ app/models/user.rb:40
  Rendering api/sessions/show.json.jbuilder
  Rendered api/sessions/show.json.jbuilder (1.8ms)
Completed 500 Internal Server Error in 228ms (ActiveRecord: 4.2ms)



ActionView::MissingTemplate - Missing partial users/_user with {:locale=>[:en], :formats=>[:json], :variants=>[], :handlers=>[:jbuilder]}. Searched in:
  * "/home/jaspreet/aaclasswork/bench_bnb/bnb/app/views":
  app/views/api/sessions/show.json.jbuilder:1:in `_app_views_api_sessions_show_json_jbuilder___1155083339605354418_69910143171080'
  app/controllers/api/sessions_controller.rb:13:in `create'

Started GET "/" for ::1 at 2021-03-11 16:31:32 -0500
Processing by StaticPagesController#root as HTML
  Rendering static_pages/root.html within layouts/application
  Rendered static_pages/root.html within layouts/application (0.3ms)
Completed 200 OK in 38ms (Views: 37.1ms | ActiveRecord: 0.0ms)


Started POST "/api/session" for ::1 at 2021-03-11 16:31:35 -0500
Processing by Api::SessionsController#create as JSON
  Parameters: {"user"=>{"username"=>"rich3", "password"=>"[FILTERED]"}}
  [1m[36mUser Load (0.4ms)[0m  [1m[34mSELECT  "users".* FROM "users" WHERE "users"."username" = $1 LIMIT $2[0m  [["username", "rich3"], ["LIMIT", 1]]
  ↳ app/models/user.rb:30
  [1m[35m (0.3ms)[0m  [1m[35mBEGIN[0m
  ↳ app/models/user.rb:40
  [1m[36mUser Exists (0.6ms)[0m  [1m[34mSELECT  1 AS one FROM "users" WHERE "users"."username" = $1 AND "users"."id" != $2 LIMIT $3[0m  [["username", "rich3"], ["id", 4], ["LIMIT", 1]]
  ↳ app/models/user.rb:40
  [1m[36mUser Exists (0.5ms)[0m  [1m[34mSELECT  1 AS one FROM "users" WHERE "users"."session_token" = $1 AND "users"."id" != $2 LIMIT $3[0m  [["session_token", "3oAJkmRUg4oCShc3c5cjJQ"], ["id", 4], ["LIMIT", 1]]
  ↳ app/models/user.rb:40
  [1m[36mUser Update (0.7ms)[0m  [1m[33mUPDATE "users" SET "session_token" = $1, "updated_at" = $2 WHERE "users"."id" = $3[0m  [["session_token", "3oAJkmRUg4oCShc3c5cjJQ"], ["updated_at", "2021-03-11 21:31:35.700281"], ["id", 4]]
  ↳ app/models/user.rb:40
  [1m[35m (4.8ms)[0m  [1m[35mCOMMIT[0m
  ↳ app/models/user.rb:40
  Rendering api/sessions/show.json.jbuilder
  Rendered api/sessions/show.json.jbuilder (0.7ms)
Completed 200 OK in 252ms (Views: 3.2ms | ActiveRecord: 7.3ms)


Started DELETE "/api/session" for ::1 at 2021-03-11 16:32:44 -0500
Processing by Api::SessionsController#destroy as JSON
  [1m[36mUser Load (0.9ms)[0m  [1m[34mSELECT  "users".* FROM "users" WHERE "users"."session_token" = $1 LIMIT $2[0m  [["session_token", "3oAJkmRUg4oCShc3c5cjJQ"], ["LIMIT", 1]]
  ↳ app/controllers/application_controller.rb:21
  [1m[35m (0.5ms)[0m  [1m[35mBEGIN[0m
  ↳ app/models/user.rb:40
  [1m[36mUser Exists (0.4ms)[0m  [1m[34mSELECT  1 AS one FROM "users" WHERE "users"."username" = $1 AND "users"."id" != $2 LIMIT $3[0m  [["username", "rich3"], ["id", 4], ["LIMIT", 1]]
  ↳ app/models/user.rb:40
  [1m[36mUser Exists (0.4ms)[0m  [1m[34mSELECT  1 AS one FROM "users" WHERE "users"."session_token" = $1 AND "users"."id" != $2 LIMIT $3[0m  [["session_token", "nM2Ylar8nHueZuTyJhUt6Q"], ["id", 4], ["LIMIT", 1]]
  ↳ app/models/user.rb:40
  [1m[36mUser Update (0.8ms)[0m  [1m[33mUPDATE "users" SET "session_token" = $1, "updated_at" = $2 WHERE "users"."id" = $3[0m  [["session_token", "nM2Ylar8nHueZuTyJhUt6Q"], ["updated_at", "2021-03-11 21:32:44.045694"], ["id", 4]]
  ↳ app/models/user.rb:40
  [1m[35m (4.1ms)[0m  [1m[35mCOMMIT[0m
  ↳ app/models/user.rb:40
Completed 500 Internal Server Error in 25ms (ActiveRecord: 7.1ms)



ActionView::MissingTemplate - Missing template api/sessions/destroy, application/destroy with {:locale=>[:en], :formats=>[:json], :variants=>[], :handlers=>[:raw, :erb, :html, :builder, :ruby, :coffee, :jbuilder]}. Searched in:
  * "/home/jaspreet/aaclasswork/bench_bnb/bnb/app/views":
  app/controllers/api/sessions_controller.rb:21:in `destroy'

Started DELETE "/api/session" for ::1 at 2021-03-11 16:33:42 -0500
Processing by Api::SessionsController#destroy as JSON
  [1m[36mUser Load (0.4ms)[0m  [1m[34mSELECT  "users".* FROM "users" WHERE "users"."session_token" = $1 LIMIT $2[0m  [["session_token", "3oAJkmRUg4oCShc3c5cjJQ"], ["LIMIT", 1]]
  ↳ app/controllers/application_controller.rb:21
Completed 500 Internal Server Error in 10ms (ActiveRecord: 2.2ms)



NoMethodError - undefined method `reset_session_token!' for nil:NilClass:
  app/controllers/application_controller.rb:11:in `logout!'
  app/controllers/api/sessions_controller.rb:20:in `destroy'

Started POST "/api/session" for ::1 at 2021-03-11 16:34:07 -0500
Processing by Api::SessionsController#create as JSON
  Parameters: {"user"=>{"username"=>"rich3", "password"=>"[FILTERED]"}}
  [1m[36mUser Load (0.6ms)[0m  [1m[34mSELECT  "users".* FROM "users" WHERE "users"."username" = $1 LIMIT $2[0m  [["username", "rich3"], ["LIMIT", 1]]
  ↳ app/models/user.rb:30
  [1m[35m (0.3ms)[0m  [1m[35mBEGIN[0m
  ↳ app/models/user.rb:40
  [1m[36mUser Exists (0.5ms)[0m  [1m[34mSELECT  1 AS one FROM "users" WHERE "users"."username" = $1 AND "users"."id" != $2 LIMIT $3[0m  [["username", "rich3"], ["id", 4], ["LIMIT", 1]]
  ↳ app/models/user.rb:40
  [1m[36mUser Exists (0.5ms)[0m  [1m[34mSELECT  1 AS one FROM "users" WHERE "users"."session_token" = $1 AND "users"."id" != $2 LIMIT $3[0m  [["session_token", "zITmkcE7iWLJ6NAlFY3y5w"], ["id", 4], ["LIMIT", 1]]
  ↳ app/models/user.rb:40
  [1m[36mUser Update (0.7ms)[0m  [1m[33mUPDATE "users" SET "session_token" = $1, "updated_at" = $2 WHERE "users"."id" = $3[0m  [["session_token", "zITmkcE7iWLJ6NAlFY3y5w"], ["updated_at", "2021-03-11 21:34:07.573958"], ["id", 4]]
  ↳ app/models/user.rb:40
  [1m[35m (2.6ms)[0m  [1m[35mCOMMIT[0m
  ↳ app/models/user.rb:40
  Rendering api/sessions/show.json.jbuilder
  Rendered api/sessions/show.json.jbuilder (1.1ms)
Completed 200 OK in 255ms (Views: 4.0ms | ActiveRecord: 7.9ms)


Started DELETE "/api/session" for ::1 at 2021-03-11 16:34:10 -0500
Processing by Api::SessionsController#destroy as JSON
  [1m[36mUser Load (0.6ms)[0m  [1m[34mSELECT  "users".* FROM "users" WHERE "users"."session_token" = $1 LIMIT $2[0m  [["session_token", "zITmkcE7iWLJ6NAlFY3y5w"], ["LIMIT", 1]]
  ↳ app/controllers/application_controller.rb:21
  [1m[35m (0.3ms)[0m  [1m[35mBEGIN[0m
  ↳ app/models/user.rb:40
  [1m[36mUser Exists (0.4ms)[0m  [1m[34mSELECT  1 AS one FROM "users" WHERE "users"."username" = $1 AND "users"."id" != $2 LIMIT $3[0m  [["username", "rich3"], ["id", 4], ["LIMIT", 1]]
  ↳ app/models/user.rb:40
  [1m[36mUser Exists (0.3ms)[0m  [1m[34mSELECT  1 AS one FROM "users" WHERE "users"."session_token" = $1 AND "users"."id" != $2 LIMIT $3[0m  [["session_token", "QcXJogzOEET4FddpsLaJsw"], ["id", 4], ["LIMIT", 1]]
  ↳ app/models/user.rb:40
  [1m[36mUser Update (0.4ms)[0m  [1m[33mUPDATE "users" SET "session_token" = $1, "updated_at" = $2 WHERE "users"."id" = $3[0m  [["session_token", "QcXJogzOEET4FddpsLaJsw"], ["updated_at", "2021-03-11 21:34:10.322840"], ["id", 4]]
  ↳ app/models/user.rb:40
  [1m[35m (2.5ms)[0m  [1m[35mCOMMIT[0m
  ↳ app/models/user.rb:40
  Rendering api/sessions/show.json.jbuilder
  Rendered api/sessions/show.json.jbuilder (5.5ms)
Completed 500 Internal Server Error in 23ms (ActiveRecord: 4.5ms)



NoMethodError - undefined method `id' for nil:NilClass:
  app/views/api/sessions/show.json.jbuilder:1:in `_app_views_api_sessions_show_json_jbuilder___1155083339605354418_69910089151340'
  app/controllers/api/sessions_controller.rb:21:in `destroy'

Started GET "/" for ::1 at 2021-03-11 16:35:17 -0500
Processing by StaticPagesController#root as HTML
  Rendering static_pages/root.html within layouts/application
  Rendered static_pages/root.html within layouts/application (1.1ms)
Completed 200 OK in 56ms (Views: 54.6ms | ActiveRecord: 0.0ms)


Started GET "/" for ::1 at 2021-03-11 16:35:31 -0500
Processing by StaticPagesController#root as HTML
  Rendering static_pages/root.html within layouts/application
  Rendered static_pages/root.html within layouts/application (0.5ms)
Completed 200 OK in 44ms (Views: 42.8ms | ActiveRecord: 0.0ms)


Started POST "/api/session" for ::1 at 2021-03-11 16:35:38 -0500
Processing by Api::SessionsController#create as JSON
  Parameters: {"user"=>{"username"=>"rich3", "password"=>"[FILTERED]"}}
  [1m[36mUser Load (0.3ms)[0m  [1m[34mSELECT  "users".* FROM "users" WHERE "users"."username" = $1 LIMIT $2[0m  [["username", "rich3"], ["LIMIT", 1]]
  ↳ app/models/user.rb:30
  [1m[35m (0.3ms)[0m  [1m[35mBEGIN[0m
  ↳ app/models/user.rb:40
  [1m[36mUser Exists (0.5ms)[0m  [1m[34mSELECT  1 AS one FROM "users" WHERE "users"."username" = $1 AND "users"."id" != $2 LIMIT $3[0m  [["username", "rich3"], ["id", 4], ["LIMIT", 1]]
  ↳ app/models/user.rb:40
  [1m[36mUser Exists (0.4ms)[0m  [1m[34mSELECT  1 AS one FROM "users" WHERE "users"."session_token" = $1 AND "users"."id" != $2 LIMIT $3[0m  [["session_token", "TWOXCBZDAVflPbLbEc9bNw"], ["id", 4], ["LIMIT", 1]]
  ↳ app/models/user.rb:40
  [1m[36mUser Update (0.7ms)[0m  [1m[33mUPDATE "users" SET "session_token" = $1, "updated_at" = $2 WHERE "users"."id" = $3[0m  [["session_token", "TWOXCBZDAVflPbLbEc9bNw"], ["updated_at", "2021-03-11 21:35:38.531500"], ["id", 4]]
  ↳ app/models/user.rb:40
  [1m[35m (2.7ms)[0m  [1m[35mCOMMIT[0m
  ↳ app/models/user.rb:40
  Rendering api/sessions/show.json.jbuilder
  Rendered api/sessions/show.json.jbuilder (0.5ms)
Completed 200 OK in 240ms (Views: 2.8ms | ActiveRecord: 8.6ms)


Started DELETE "/api/session" for ::1 at 2021-03-11 16:35:40 -0500
Processing by Api::SessionsController#destroy as JSON
  [1m[36mUser Load (0.4ms)[0m  [1m[34mSELECT  "users".* FROM "users" WHERE "users"."session_token" = $1 LIMIT $2[0m  [["session_token", "TWOXCBZDAVflPbLbEc9bNw"], ["LIMIT", 1]]
  ↳ app/controllers/application_controller.rb:21
  [1m[35m (0.2ms)[0m  [1m[35mBEGIN[0m
  ↳ app/models/user.rb:40
  [1m[36mUser Exists (0.4ms)[0m  [1m[34mSELECT  1 AS one FROM "users" WHERE "users"."username" = $1 AND "users"."id" != $2 LIMIT $3[0m  [["username", "rich3"], ["id", 4], ["LIMIT", 1]]
  ↳ app/models/user.rb:40
  [1m[36mUser Exists (0.6ms)[0m  [1m[34mSELECT  1 AS one FROM "users" WHERE "users"."session_token" = $1 AND "users"."id" != $2 LIMIT $3[0m  [["session_token", "cjG5sib4vplMV2sa7T56Dg"], ["id", 4], ["LIMIT", 1]]
  ↳ app/models/user.rb:40
  [1m[36mUser Update (0.9ms)[0m  [1m[33mUPDATE "users" SET "session_token" = $1, "updated_at" = $2 WHERE "users"."id" = $3[0m  [["session_token", "cjG5sib4vplMV2sa7T56Dg"], ["updated_at", "2021-03-11 21:35:40.760225"], ["id", 4]]
  ↳ app/models/user.rb:40
  [1m[35m (2.7ms)[0m  [1m[35mCOMMIT[0m
  ↳ app/models/user.rb:40
  Rendering api/sessions/destroy.json.jbuilder
  Rendered api/sessions/destroy.json.jbuilder (0.4ms)
Completed 200 OK in 17ms (Views: 2.6ms | ActiveRecord: 5.2ms)


Started GET "/" for ::1 at 2021-03-11 17:13:59 -0500
Processing by StaticPagesController#root as HTML
  Rendering static_pages/root.html within layouts/application
  Rendered static_pages/root.html within layouts/application (10.9ms)
Completed 200 OK in 1792ms (Views: 1774.7ms | ActiveRecord: 0.0ms)


Started GET "/" for ::1 at 2021-03-11 17:17:32 -0500
Processing by StaticPagesController#root as HTML
  Rendering static_pages/root.html within layouts/application
  Rendered static_pages/root.html within layouts/application (3.1ms)
Completed 200 OK in 1063ms (Views: 1060.1ms | ActiveRecord: 0.0ms)


Started GET "/" for ::1 at 2021-03-11 17:21:13 -0500
Processing by StaticPagesController#root as HTML
  Rendering static_pages/root.html within layouts/application
  Rendered static_pages/root.html within layouts/application (0.7ms)
Completed 200 OK in 521ms (Views: 519.8ms | ActiveRecord: 0.0ms)


Started GET "/" for ::1 at 2021-03-11 17:21:51 -0500
Processing by StaticPagesController#root as HTML
  Rendering static_pages/root.html within layouts/application
  Rendered static_pages/root.html within layouts/application (1.1ms)
Completed 200 OK in 694ms (Views: 692.4ms | ActiveRecord: 0.0ms)


Started GET "/" for ::1 at 2021-03-11 17:23:38 -0500
Processing by StaticPagesController#root as HTML
  Rendering static_pages/root.html within layouts/application
  Rendered static_pages/root.html within layouts/application (0.3ms)
Completed 200 OK in 347ms (Views: 346.7ms | ActiveRecord: 0.0ms)


Started GET "/" for ::1 at 2021-03-11 17:24:36 -0500
Processing by StaticPagesController#root as HTML
  Rendering static_pages/root.html within layouts/application
  Rendered static_pages/root.html within layouts/application (3.0ms)
Completed 200 OK in 786ms (Views: 783.5ms | ActiveRecord: 0.0ms)


Started GET "/" for ::1 at 2021-03-11 17:26:05 -0500
Processing by StaticPagesController#root as HTML
  Rendering static_pages/root.html within layouts/application
  Rendered static_pages/root.html within layouts/application (1.1ms)
Completed 200 OK in 518ms (Views: 517.2ms | ActiveRecord: 0.0ms)


Started GET "/" for ::1 at 2021-03-11 17:26:38 -0500
Processing by StaticPagesController#root as HTML
  Rendering static_pages/root.html within layouts/application
  Rendered static_pages/root.html within layouts/application (0.8ms)
Completed 200 OK in 493ms (Views: 491.5ms | ActiveRecord: 0.0ms)


Started GET "/" for ::1 at 2021-03-11 17:27:04 -0500
Processing by StaticPagesController#root as HTML
  Rendering static_pages/root.html within layouts/application
  Rendered static_pages/root.html within layouts/application (1.4ms)
Completed 200 OK in 58ms (Views: 55.7ms | ActiveRecord: 0.0ms)


Started GET "/" for ::1 at 2021-03-11 17:28:24 -0500
Processing by StaticPagesController#root as HTML
  Rendering static_pages/root.html within layouts/application
  Rendered static_pages/root.html within layouts/application (0.9ms)
Completed 200 OK in 540ms (Views: 539.1ms | ActiveRecord: 0.0ms)


Started GET "/" for ::1 at 2021-03-11 17:30:31 -0500
Processing by StaticPagesController#root as HTML
  Rendering static_pages/root.html within layouts/application
  Rendered static_pages/root.html within layouts/application (1.3ms)
Completed 200 OK in 665ms (Views: 664.0ms | ActiveRecord: 0.0ms)


Started GET "/" for ::1 at 2021-03-11 17:31:37 -0500
Processing by StaticPagesController#root as HTML
  Rendering static_pages/root.html within layouts/application
  Rendered static_pages/root.html within layouts/application (0.5ms)
Completed 200 OK in 442ms (Views: 441.3ms | ActiveRecord: 0.0ms)


Started GET "/" for ::1 at 2021-03-11 17:39:03 -0500
Processing by StaticPagesController#root as HTML
  Rendering static_pages/root.html within layouts/application
  Rendered static_pages/root.html within layouts/application (0.6ms)
Completed 200 OK in 717ms (Views: 715.4ms | ActiveRecord: 0.0ms)


Started GET "/" for ::1 at 2021-03-11 17:39:27 -0500
Processing by StaticPagesController#root as HTML
  Rendering static_pages/root.html within layouts/application
  Rendered static_pages/root.html within layouts/application (4.6ms)
Completed 200 OK in 783ms (Views: 780.9ms | ActiveRecord: 0.0ms)


